Arguments: 
  /Users/isaacho/.nvm/versions/node/v10.14.2/bin/node /usr/local/Cellar/yarn/1.9.4/libexec/bin/yarn.js outdated --json

PATH: 
  /usr/local/mongodb/bin:/Library/Java/JavaVirtualMachines/jdk1.8.0_181.jdk/Contents/Home/bin:/usr/local/Cellar/mongodb/4.0.1/bin:/Users/isaacho/.nvm/versions/node/v10.14.2/bin:/usr/local/bin:/usr/bin:/bin:/usr/sbin:/sbin:/Applications/Docker.app/Contents/Resources/bin:/Users/isaacho/Documents/Android/tools:/Users/isaacho/Documents/Android/platform-tools:/Users/isaacho/Documents/Android/build-tools:.:/Users/isaacho/Documents/application/flutter/bin

Yarn version: 
  1.9.4

Node version: 
  10.14.2

Platform: 
  darwin x64

Trace: 
  Error: https://registry.npmjs.org/fastify: ETIMEDOUT
      at Timeout._onTimeout (/usr/local/Cellar/yarn/1.9.4/libexec/lib/cli.js:138128:19)
      at ontimeout (timers.js:436:11)
      at tryOnTimeout (timers.js:300:5)
      at listOnTimeout (timers.js:263:5)
      at Timer.processTimers (timers.js:223:10)

npm manifest: 
  {
    "name": "fastify-demo",
    "version": "1.0.0",
    "description": "",
    "main": "index.js",
    "scripts": {
      "test": "echo \"Error: no test specified\" && exit 1"
    },
    "keywords": [],
    "author": "",
    "license": "ISC",
    "dependencies": {
      "fastify": "^2.12.1"
    }
  }

yarn manifest: 
  No manifest

Lockfile: 
  # THIS IS AN AUTOGENERATED FILE. DO NOT EDIT THIS FILE DIRECTLY.
  # yarn lockfile v1
  
  
  abstract-logging@^2.0.0:
    version "2.0.0"
    resolved "https://registry.npmjs.org/abstract-logging/-/abstract-logging-2.0.0.tgz#08a85814946c98ef06f4256ad470aba1886d4490"
  
  ajv@^6.10.2, ajv@^6.11.0:
    version "6.12.0"
    resolved "https://registry.npmjs.org/ajv/-/ajv-6.12.0.tgz#06d60b96d87b8454a5adaba86e7854da629db4b7"
    dependencies:
      fast-deep-equal "^3.1.1"
      fast-json-stable-stringify "^2.0.0"
      json-schema-traverse "^0.4.1"
      uri-js "^4.2.2"
  
  archy@^1.0.0:
    version "1.0.0"
    resolved "https://registry.npmjs.org/archy/-/archy-1.0.0.tgz#f9c8c13757cc1dd7bc379ac77b2c62a5c2868c40"
  
  avvio@^6.3.0:
    version "6.3.1"
    resolved "https://registry.npmjs.org/avvio/-/avvio-6.3.1.tgz#201ec26505551657272cda90c23ef1cb0c7e390a"
    dependencies:
      archy "^1.0.0"
      debug "^4.0.0"
      fastq "^1.6.0"
  
  cookie@^0.4.0:
    version "0.4.0"
    resolved "https://registry.npmjs.org/cookie/-/cookie-0.4.0.tgz#beb437e7022b3b6d49019d088665303ebe9c14ba"
  
  debug@^4.0.0:
    version "4.1.1"
    resolved "https://registry.npmjs.org/debug/-/debug-4.1.1.tgz#3b72260255109c6b589cee050f1d516139664791"
    dependencies:
      ms "^2.1.1"
  
  deepmerge@^4.2.2:
    version "4.2.2"
    resolved "https://registry.npmjs.org/deepmerge/-/deepmerge-4.2.2.tgz#44d2ea3679b8f4d4ffba33f03d865fc1e7bf4955"
  
  fast-decode-uri-component@^1.0.0:
    version "1.0.1"
    resolved "https://registry.npmjs.org/fast-decode-uri-component/-/fast-decode-uri-component-1.0.1.tgz#46f8b6c22b30ff7a81357d4f59abfae938202543"
  
  fast-deep-equal@^3.1.1:
    version "3.1.1"
    resolved "https://registry.npmjs.org/fast-deep-equal/-/fast-deep-equal-3.1.1.tgz#545145077c501491e33b15ec408c294376e94ae4"
  
  fast-json-stable-stringify@^2.0.0:
    version "2.1.0"
    resolved "https://registry.npmjs.org/fast-json-stable-stringify/-/fast-json-stable-stringify-2.1.0.tgz#874bf69c6f404c2b5d99c481341399fd55892633"
  
  fast-json-stringify@^1.16.0:
    version "1.16.4"
    resolved "https://registry.npmjs.org/fast-json-stringify/-/fast-json-stringify-1.16.4.tgz#5f08f946df7e13d7a381fcc4a360e89d1d3d419e"
    dependencies:
      ajv "^6.11.0"
      deepmerge "^4.2.2"
      string-similarity "^4.0.1"
  
  fast-redact@^2.0.0:
    version "2.0.0"
    resolved "https://registry.npmjs.org/fast-redact/-/fast-redact-2.0.0.tgz#17bb8f5e1f56ecf4a38c8455985e5eab4c478431"
  
  fast-safe-stringify@^2.0.7:
    version "2.0.7"
    resolved "https://registry.npmjs.org/fast-safe-stringify/-/fast-safe-stringify-2.0.7.tgz#124aa885899261f68aedb42a7c080de9da608743"
  
  fastify@^2.12.1:
    version "2.12.1"
    resolved "https://registry.npmjs.org/fastify/-/fastify-2.12.1.tgz#2c203b6a939208143c781a4fb389436c30f6f4f1"
    dependencies:
      abstract-logging "^2.0.0"
      ajv "^6.10.2"
      avvio "^6.3.0"
      fast-json-stringify "^1.16.0"
      find-my-way "^2.2.0"
      flatstr "^1.0.12"
      light-my-request "^3.7.0"
      middie "^4.1.0"
      pino "^5.15.0"
      proxy-addr "^2.0.4"
      readable-stream "^3.1.1"
      rfdc "^1.1.2"
      secure-json-parse "^2.0.0"
      tiny-lru "^7.0.2"
  
  fastq@^1.6.0:
    version "1.6.1"
    resolved "https://registry.npmjs.org/fastq/-/fastq-1.6.1.tgz#4570c74f2ded173e71cf0beb08ac70bb85826791"
    dependencies:
      reusify "^1.0.4"
  
  find-my-way@^2.2.0:
    version "2.2.2"
    resolved "https://registry.npmjs.org/find-my-way/-/find-my-way-2.2.2.tgz#0d119a6daa354e20d61591a850a112d424c5bc06"
    dependencies:
      fast-decode-uri-component "^1.0.0"
      safe-regex2 "^2.0.0"
      semver-store "^0.3.0"
  
  flatstr@^1.0.12:
    version "1.0.12"
    resolved "https://registry.npmjs.org/flatstr/-/flatstr-1.0.12.tgz#c2ba6a08173edbb6c9640e3055b95e287ceb5931"
  
  forwarded@~0.1.2:
    version "0.1.2"
    resolved "https://registry.npmjs.org/forwarded/-/forwarded-0.1.2.tgz#98c23dab1175657b8c0573e8ceccd91b0ff18c84"
  
  inherits@^2.0.3:
    version "2.0.4"
    resolved "https://registry.npmjs.org/inherits/-/inherits-2.0.4.tgz#0fa2c64f932917c3433a0ded55363aae37416b7c"
  
  ipaddr.js@1.9.1:
    version "1.9.1"
    resolved "https://registry.npmjs.org/ipaddr.js/-/ipaddr.js-1.9.1.tgz#bff38543eeb8984825079ff3a2a8e6cbd46781b3"
  
  json-schema-traverse@^0.4.1:
    version "0.4.1"
    resolved "https://registry.npmjs.org/json-schema-traverse/-/json-schema-traverse-0.4.1.tgz#69f6a87d9513ab8bb8fe63bdb0979c448e684660"
  
  light-my-request@^3.7.0:
    version "3.7.2"
    resolved "https://registry.npmjs.org/light-my-request/-/light-my-request-3.7.2.tgz#8f153c299beeae31bbcb98111474952900c461cd"
    dependencies:
      ajv "^6.10.2"
      cookie "^0.4.0"
      readable-stream "^3.4.0"
      set-cookie-parser "^2.4.1"
  
  middie@^4.1.0:
    version "4.1.0"
    resolved "https://registry.npmjs.org/middie/-/middie-4.1.0.tgz#0fe986c83d5081489514ca1a2daba5ca36263436"
    dependencies:
      path-to-regexp "^4.0.0"
      reusify "^1.0.2"
  
  ms@^2.1.1:
    version "2.1.2"
    resolved "https://registry.npmjs.org/ms/-/ms-2.1.2.tgz#d09d1f357b443f493382a8eb3ccd183872ae6009"
  
  path-to-regexp@^4.0.0:
    version "4.0.5"
    resolved "https://registry.npmjs.org/path-to-regexp/-/path-to-regexp-4.0.5.tgz#2d4fd140af9a369bf7b68f77a7fdc340490f4239"
  
  pino-std-serializers@^2.4.2:
    version "2.4.2"
    resolved "https://registry.npmjs.org/pino-std-serializers/-/pino-std-serializers-2.4.2.tgz#cb5e3e58c358b26f88969d7e619ae54bdfcc1ae1"
  
  pino@^5.15.0:
    version "5.17.0"
    resolved "https://registry.npmjs.org/pino/-/pino-5.17.0.tgz#b9def314e82402154f89a25d76a31f20ca84b4c8"
    dependencies:
      fast-redact "^2.0.0"
      fast-safe-stringify "^2.0.7"
      flatstr "^1.0.12"
      pino-std-serializers "^2.4.2"
      quick-format-unescaped "^3.0.3"
      sonic-boom "^0.7.5"
  
  proxy-addr@^2.0.4:
    version "2.0.6"
    resolved "https://registry.npmjs.org/proxy-addr/-/proxy-addr-2.0.6.tgz#fdc2336505447d3f2f2c638ed272caf614bbb2bf"
    dependencies:
      forwarded "~0.1.2"
      ipaddr.js "1.9.1"
  
  punycode@^2.1.0:
    version "2.1.1"
    resolved "https://registry.npmjs.org/punycode/-/punycode-2.1.1.tgz#b58b010ac40c22c5657616c8d2c2c02c7bf479ec"
  
  quick-format-unescaped@^3.0.3:
    version "3.0.3"
    resolved "https://registry.npmjs.org/quick-format-unescaped/-/quick-format-unescaped-3.0.3.tgz#fb3e468ac64c01d22305806c39f121ddac0d1fb9"
  
  readable-stream@^3.1.1, readable-stream@^3.4.0:
    version "3.6.0"
    resolved "https://registry.npmjs.org/readable-stream/-/readable-stream-3.6.0.tgz#337bbda3adc0706bd3e024426a286d4b4b2c9198"
    dependencies:
      inherits "^2.0.3"
      string_decoder "^1.1.1"
      util-deprecate "^1.0.1"
  
  ret@~0.2.0:
    version "0.2.2"
    resolved "https://registry.npmjs.org/ret/-/ret-0.2.2.tgz#b6861782a1f4762dce43402a71eb7a283f44573c"
  
  reusify@^1.0.2, reusify@^1.0.4:
    version "1.0.4"
    resolved "https://registry.npmjs.org/reusify/-/reusify-1.0.4.tgz#90da382b1e126efc02146e90845a88db12925d76"
  
  rfdc@^1.1.2:
    version "1.1.4"
    resolved "https://registry.npmjs.org/rfdc/-/rfdc-1.1.4.tgz#ba72cc1367a0ccd9cf81a870b3b58bd3ad07f8c2"
  
  safe-buffer@~5.2.0:
    version "5.2.0"
    resolved "https://registry.npmjs.org/safe-buffer/-/safe-buffer-5.2.0.tgz#b74daec49b1148f88c64b68d49b1e815c1f2f519"
  
  safe-regex2@^2.0.0:
    version "2.0.0"
    resolved "https://registry.npmjs.org/safe-regex2/-/safe-regex2-2.0.0.tgz#b287524c397c7a2994470367e0185e1916b1f5b9"
    dependencies:
      ret "~0.2.0"
  
  secure-json-parse@^2.0.0:
    version "2.1.0"
    resolved "https://registry.npmjs.org/secure-json-parse/-/secure-json-parse-2.1.0.tgz#ae76f5624256b5c497af887090a5d9e156c9fb20"
  
  semver-store@^0.3.0:
    version "0.3.0"
    resolved "https://registry.npmjs.org/semver-store/-/semver-store-0.3.0.tgz#ce602ff07df37080ec9f4fb40b29576547befbe9"
  
  set-cookie-parser@^2.4.1:
    version "2.4.3"
    resolved "https://registry.npmjs.org/set-cookie-parser/-/set-cookie-parser-2.4.3.tgz#9c917e75698a5633511c3c6a3435f334faabc240"
  
  sonic-boom@^0.7.5:
    version "0.7.6"
    resolved "https://registry.npmjs.org/sonic-boom/-/sonic-boom-0.7.6.tgz#c42df6df884a6a3d54fa7a45b11e4e2196818d45"
    dependencies:
      flatstr "^1.0.12"
  
  string-similarity@^4.0.1:
    version "4.0.1"
    resolved "https://registry.npmjs.org/string-similarity/-/string-similarity-4.0.1.tgz#ea7c11f0093cb3088cdcc5eb16cfd90cb54962f7"
  
  string_decoder@^1.1.1:
    version "1.3.0"
    resolved "https://registry.npmjs.org/string_decoder/-/string_decoder-1.3.0.tgz#42f114594a46cf1a8e30b0a84f56c78c3edac21e"
    dependencies:
      safe-buffer "~5.2.0"
  
  tiny-lru@^7.0.2:
    version "7.0.2"
    resolved "https://registry.npmjs.org/tiny-lru/-/tiny-lru-7.0.2.tgz#6a8853deb1e355f4c8863bf1289337e3e3a7e973"
  
  uri-js@^4.2.2:
    version "4.2.2"
    resolved "https://registry.npmjs.org/uri-js/-/uri-js-4.2.2.tgz#94c540e1ff772956e2299507c010aea6c8838eb0"
    dependencies:
      punycode "^2.1.0"
  
  util-deprecate@^1.0.1:
    version "1.0.2"
    resolved "https://registry.npmjs.org/util-deprecate/-/util-deprecate-1.0.2.tgz#450d4dc9fa70de732762fbd2d4a28981419a0ccf"
